<?xml version="1.0" encoding="UTF-8"?>
<testng-results ignored="0" total="4" passed="4" failed="0" skipped="0">
  <reporter-output>
  </reporter-output>
  <suite started-at="2022-11-08T19:18:38 IST" name="Suite" finished-at="2022-11-08T19:18:43 IST" duration-ms="5445">
    <groups>
    </groups>
    <test started-at="2022-11-08T19:18:38 IST" name="Test" finished-at="2022-11-08T19:18:43 IST" duration-ms="5445">
      <class name="actions.operations">
        <test-method signature="rightclick()[pri:1, instance:actions.operations@533377b]" started-at="2022-11-08T19:18:38 IST" name="rightclick" finished-at="2022-11-08T19:18:39 IST" duration-ms="1371" status="PASS">
          <reporter-output>
          </reporter-output>
        </test-method> <!-- rightclick -->
        <test-method signature="draganddrop()[pri:2, instance:actions.operations@533377b]" started-at="2022-11-08T19:18:39 IST" name="draganddrop" finished-at="2022-11-08T19:18:42 IST" duration-ms="2505" status="PASS">
          <reporter-output>
          </reporter-output>
        </test-method> <!-- draganddrop -->
        <test-method signature="slide()[pri:3, instance:actions.operations@533377b]" started-at="2022-11-08T19:18:42 IST" name="slide" finished-at="2022-11-08T19:18:42 IST" duration-ms="641" status="PASS">
          <reporter-output>
          </reporter-output>
        </test-method> <!-- slide -->
        <test-method signature="menu()[pri:4, instance:actions.operations@533377b]" started-at="2022-11-08T19:18:42 IST" name="menu" finished-at="2022-11-08T19:18:43 IST" duration-ms="881" status="PASS">
          <reporter-output>
          </reporter-output>
        </test-method> <!-- menu -->
      </class> <!-- actions.operations -->
    </test> <!-- Test -->
  </suite> <!-- Suite -->
</testng-results>
