<?xml version="1.0" encoding="UTF-8"?>
<!-- Generated by org.testng.reporters.JUnitXMLReporter -->
<testsuite ignored="0" hostname="LAPTOP-MJI58I48" failures="0" tests="4" name="Test" time="5.445" errors="0" timestamp="2022-11-08T19:18:43 IST">
  <testcase classname="actions.operations" name="rightclick" time="1.371"/>
  <testcase classname="actions.operations" name="draganddrop" time="2.505"/>
  <testcase classname="actions.operations" name="slide" time="0.641"/>
  <testcase classname="actions.operations" name="menu" time="0.881"/>
</testsuite> <!-- Test -->
